2025/06/29 22:22:27 Kafka producer and consumer initialized
2025/06/29 22:22:27 Producer connection test successful
2025/06/29 22:22:27 Preloading cache with last 100 orders...
2025/06/29 22:22:27 Cache warm-up complete: 100 orders loaded
2025/06/29 22:22:27 Server started on :8080
2025/06/29 22:22:50 Invalid order JSON: invalid character 'e' in literal true (expecting 'r')
2025/06/29 22:22:50 Order 148fa6a2 inserted into DB
2025/06/29 22:22:50 Order 61e0b21d inserted into DB
2025/06/29 22:22:50 Order 514bd50e inserted into DB
2025/06/29 22:22:50 Order ea3b76d4 inserted into DB
2025/06/29 22:22:50 Order deb62d8c inserted into DB
2025/06/29 22:22:50 Order f87f50f4 inserted into DB
2025/06/29 22:23:44 Order 9db55bb8 inserted into DB
2025/06/29 22:23:44 Order 23e5be9e inserted into DB
2025/06/29 22:23:44 Order cd1d74ed inserted into DB
2025/06/29 22:23:44 Order c5be0949 inserted into DB
2025/06/29 22:23:44 Order f478b92f inserted into DB
2025/06/29 22:23:44 Order 787b98be inserted into DB
2025/06/29 22:23:44 Order b0e565da inserted into DB
2025/06/29 22:23:44 Order 32b72fcf inserted into DB
2025/06/29 22:23:44 Order 43def378 inserted into DB
2025/06/29 22:23:44 Order 34c2e1f3 inserted into DB
2025/06/29 22:25:52 Order 2748f08b inserted into DB
2025/06/29 22:25:52 Order c41968c3 inserted into DB
2025/06/29 22:25:52 Order ac1fa7b6 inserted into DB
2025/06/29 22:25:52 Order a4df241a inserted into DB
2025/06/29 22:25:52 Order 257d97f0 inserted into DB
2025/06/29 22:25:52 Order 97879a3f inserted into DB
2025/06/29 22:25:52 Order 2d82b615 inserted into DB
2025/06/29 22:25:52 Order 0e85d8cf inserted into DB
2025/06/29 22:25:52 Order fb859dc8 inserted into DB
2025/06/29 22:25:52 Order e6e67788 inserted into DB
2025/06/29 22:25:52 Order 6de55bfe inserted into DB
2025/06/29 22:25:52 Order a26be70b inserted into DB
2025/06/29 22:25:52 Order db81cc73 inserted into DB
2025/06/29 22:25:52 Order 197265e9 inserted into DB
2025/06/29 22:25:52 Order 4f39f37c inserted into DB
2025/06/29 22:25:52 Order 7b84ff4b inserted into DB
2025/06/29 22:25:52 Order 80cf8af8 inserted into DB
2025/06/29 22:25:52 Order 06364f19 inserted into DB
2025/06/29 22:25:52 Order f200357a inserted into DB
2025/06/29 22:25:53 Order 8cc77f8d inserted into DB
2025/06/29 22:25:53 Order 84da81dc inserted into DB
2025/06/29 22:25:53 Order cbf20910 inserted into DB
2025/06/29 22:25:53 Order 8ecc2013 inserted into DB
2025/06/29 22:25:53 Order 077eec8a inserted into DB
2025/06/29 22:25:53 Order 9cb2bf00 inserted into DB
2025/06/29 22:25:53 Order 587d2a1f inserted into DB
2025/06/29 22:25:53 Order 9f37e78d inserted into DB
2025/06/29 22:25:53 Order c419c2d6 inserted into DB
2025/06/29 22:25:53 Order 3ef47c84 inserted into DB
2025/06/29 22:25:53 Order 8f8e24c4 inserted into DB
2025/06/29 22:25:53 Order 6b4dddb9 inserted into DB
2025/06/29 22:25:53 Order ea342466 inserted into DB
2025/06/29 22:25:53 Order 1f9bec10 inserted into DB
2025/06/29 22:25:53 Order 7944ce84 inserted into DB
2025/06/29 22:25:53 Order 232594b4 inserted into DB
2025/06/29 22:25:53 Order 77564974 inserted into DB
2025/06/29 22:25:53 Order e33835f8 inserted into DB
2025/06/29 22:25:53 Order 93adc15d inserted into DB
2025/06/29 22:25:53 Order d7ebd42c inserted into DB
2025/06/29 22:25:53 Order 80f6f584 inserted into DB
2025/06/29 22:25:53 Order 57bdecf4 inserted into DB
2025/06/29 22:25:53 Order e92c6aab inserted into DB
2025/06/29 22:25:54 Order a99a3696 inserted into DB
2025/06/29 22:25:54 Order 9395cb2c inserted into DB
2025/06/29 22:25:54 Order b168fe3a inserted into DB
2025/06/29 22:25:54 Order 0bf45f07 inserted into DB
2025/06/29 22:25:54 Order 0c53ccdc inserted into DB
2025/06/29 22:25:54 Order 2b4b9b54 inserted into DB
2025/06/29 22:25:54 Order 01ad0cab inserted into DB
2025/06/29 22:25:54 Order ce407442 inserted into DB
2025/06/29 22:25:54 Order 74277c13 inserted into DB
2025/06/29 22:25:54 Order 5e1eec0a inserted into DB
2025/06/29 22:25:54 Order 0c571652 inserted into DB
2025/06/29 22:25:54 Order 6c29d4ae inserted into DB
2025/06/29 22:25:54 Order 33ac9828 inserted into DB
2025/06/29 22:25:54 Order e3c6ec67 inserted into DB
2025/06/29 22:25:54 Order 57b5f58e inserted into DB
2025/06/29 22:25:54 Order 09943aa6 inserted into DB
2025/06/29 22:25:54 Order cc821e5e inserted into DB
2025/06/29 22:25:55 Order 9110a71d inserted into DB
2025/06/29 22:25:55 Order 508e099a inserted into DB
2025/06/29 22:25:55 Order 12de1257 inserted into DB
2025/06/29 22:25:55 Order 01f5964e inserted into DB
2025/06/29 22:25:55 Order 68c931fb inserted into DB
2025/06/29 22:25:55 Order 793e4af7 inserted into DB
2025/06/29 22:25:55 Order a626700e inserted into DB
2025/06/29 22:25:55 Order ac6c9807 inserted into DB
2025/06/29 22:25:55 Order 24798074 inserted into DB
2025/06/29 22:25:55 Order 3a51cd82 inserted into DB
2025/06/29 22:25:55 Order 5bd7673d inserted into DB
2025/06/29 22:25:55 Order 0eb36db6 inserted into DB
2025/06/29 22:25:55 Order ace318ff inserted into DB
2025/06/29 22:25:55 Order 5553b120 inserted into DB
2025/06/29 22:25:55 Order 1066afea inserted into DB
2025/06/29 22:25:55 Order 3d16ecde inserted into DB
2025/06/29 22:25:55 Order 9675cee3 inserted into DB
2025/06/29 22:25:55 Order 6ea3d682 inserted into DB
2025/06/29 22:25:55 Order 1bc171af inserted into DB
2025/06/29 22:25:55 Order 79a5ff2a inserted into DB
2025/06/29 22:25:55 Order a8d366cd inserted into DB
2025/06/29 22:25:55 Order f3f11b95 inserted into DB
2025/06/29 22:25:55 Order 70c4f928 inserted into DB
2025/06/29 22:25:55 Order 1e996980 inserted into DB
2025/06/29 22:25:55 Order 124afed5 inserted into DB
2025/06/29 22:25:56 Order c64e2fa3 inserted into DB
2025/06/29 22:25:56 Order c3146148 inserted into DB
2025/06/29 22:25:56 Order 868e7514 inserted into DB
2025/06/29 22:25:56 Order 51b6fcb3 inserted into DB
2025/06/29 22:25:56 Order 300bb795 inserted into DB
2025/06/29 22:25:56 Order b5834b29 inserted into DB
2025/06/29 22:25:56 Order e2e7da5b inserted into DB
2025/06/29 22:25:56 Order c4d53b2b inserted into DB
2025/06/29 22:25:56 Order aca0b7ee inserted into DB
2025/06/29 22:25:56 Order e3f45477 inserted into DB
2025/06/29 22:25:56 Order 8e659c37 inserted into DB
2025/06/29 22:25:56 Order 586a1a4f inserted into DB
2025/06/29 22:25:56 Order b6d3c50c inserted into DB
2025/06/29 22:25:56 Order 0d209fbf inserted into DB
2025/06/29 22:25:56 Order 69fb0c5d inserted into DB
2025/06/29 22:25:56 Order 0dd24b99 inserted into DB
2025/06/29 22:25:56 Order 002ddff9 inserted into DB
2025/06/29 22:25:56 Order 89ff3150 inserted into DB
2025/06/29 22:25:56 Order 04ea96f9 inserted into DB
2025/06/29 22:25:56 Order 871abe21 inserted into DB
2025/06/29 22:25:56 Order 2982da0a inserted into DB
2025/06/29 22:25:56 Order 92c6b214 inserted into DB
2025/06/29 22:25:56 Order 0cb44e0e inserted into DB
2025/06/29 22:25:56 Order 78dd88c6 inserted into DB
2025/06/29 22:25:56 Order 64ff8ddf inserted into DB
2025/06/29 22:25:56 Order 0e04839e inserted into DB
2025/06/29 22:25:56 Order 6dd77483 inserted into DB
2025/06/29 22:25:56 Order 1d47cc3d inserted into DB
2025/06/29 22:25:57 Order 92f2a64b inserted into DB
2025/06/29 22:25:57 Order c33b7466 inserted into DB
2025/06/29 22:25:57 Order d097ca7a inserted into DB
2025/06/29 22:25:57 Order 6f9851bf inserted into DB
2025/06/29 22:25:57 Order 87443130 inserted into DB
2025/06/29 22:25:57 Order fe1a0bb2 inserted into DB
2025/06/29 22:25:57 Order f240b2f5 inserted into DB
2025/06/29 22:25:57 Order c915583b inserted into DB
2025/06/29 22:25:57 Order f972b51b inserted into DB
2025/06/29 22:25:57 Order 07dab980 inserted into DB
2025/06/29 22:25:57 Order 4b4a1b70 inserted into DB
2025/06/29 22:25:57 Order c84b0f94 inserted into DB
2025/06/29 22:25:57 Order 3d0a3397 inserted into DB
2025/06/29 22:25:57 Order fefa6786 inserted into DB
2025/06/29 22:25:57 Order bda29c6c inserted into DB
2025/06/29 22:25:57 Order b6898e06 inserted into DB
2025/06/29 22:25:57 Order f1af2364 inserted into DB
2025/06/29 22:25:57 Order 9185969b inserted into DB
2025/06/29 22:25:57 Order e6066f37 inserted into DB
2025/06/29 22:25:57 Order a578611a inserted into DB
2025/06/29 22:25:57 Order 596a26dd inserted into DB
2025/06/29 22:25:57 Order e9149e50 inserted into DB
2025/06/29 22:25:57 Order f5d0a4fa inserted into DB
2025/06/29 22:25:57 Order 2ed75aac inserted into DB
2025/06/29 22:25:57 Order 4614d76e inserted into DB
2025/06/29 22:25:57 Order 012ae652 inserted into DB
2025/06/29 22:25:57 Order baa0bb87 inserted into DB
2025/06/29 22:25:57 Order ee79b14d inserted into DB
2025/06/29 22:25:58 Order fac25a4f inserted into DB
2025/06/29 22:25:58 Order ff1d864c inserted into DB
2025/06/29 22:25:58 Order 0dab6b10 inserted into DB
2025/06/29 22:25:58 Order bd23560e inserted into DB
2025/06/29 22:25:58 Order bc13f6e1 inserted into DB
2025/06/29 22:25:58 Order e3d90d94 inserted into DB
2025/06/29 22:25:58 Order bfc28163 inserted into DB
2025/06/29 22:25:58 Order 800115f6 inserted into DB
2025/06/29 22:25:58 Order f8899021 inserted into DB
2025/06/29 22:25:58 Order 92a5ada2 inserted into DB
2025/06/29 22:25:58 Order ccea1075 inserted into DB
2025/06/29 22:25:58 Order 6de558e4 inserted into DB
2025/06/29 22:25:58 Order 435e449d inserted into DB
2025/06/29 22:25:58 Order 4ee9d97c inserted into DB
2025/06/29 22:25:58 Order 7ad473eb inserted into DB
2025/06/29 22:25:58 Order 2346cda5 inserted into DB
2025/06/29 22:25:58 Order 3ee7a407 inserted into DB
2025/06/29 22:25:58 Order 65c9ef1a inserted into DB
2025/06/29 22:25:58 Order 0a32feaf inserted into DB
2025/06/29 22:25:58 Order c5185fee inserted into DB
2025/06/29 22:25:58 Order d9104c4f inserted into DB
2025/06/29 22:25:58 Order 01376b26 inserted into DB
2025/06/29 22:25:58 Order af2c1fcc inserted into DB
2025/06/29 22:25:58 Order 6dea53cf inserted into DB
2025/06/29 22:25:58 Order b24ffc63 inserted into DB
2025/06/29 22:25:58 Order d1e833b7 inserted into DB
2025/06/29 22:25:58 Order 416db442 inserted into DB
2025/06/29 22:25:58 Order 61cec4c5 inserted into DB
2025/06/29 22:25:59 Order e2670432 inserted into DB
2025/06/29 22:25:59 Order 7249298b inserted into DB
2025/06/29 22:25:59 Order 79650797 inserted into DB
2025/06/29 22:25:59 Order a6deb2ad inserted into DB
2025/06/29 22:25:59 Order 843fea4f inserted into DB
2025/06/29 22:25:59 Order 47cebcc1 inserted into DB
2025/06/29 22:25:59 Order fdd2254b inserted into DB
2025/06/29 22:25:59 Order 074f312b inserted into DB
2025/06/29 22:25:59 Order c5203e7f inserted into DB
2025/06/29 22:25:59 Order c2023738 inserted into DB
2025/06/29 22:25:59 Order 24396e7b inserted into DB
2025/06/29 22:25:59 Order 4303bc98 inserted into DB
2025/06/29 22:25:59 Order d2e56749 inserted into DB
2025/06/29 22:25:59 Order e4fb20d0 inserted into DB
2025/06/29 22:25:59 Order 94efdac2 inserted into DB
2025/06/29 22:25:59 Order 51f35d55 inserted into DB
2025/06/29 22:25:59 Order d1a5c522 inserted into DB
2025/06/29 22:25:59 Order b1ae3d19 inserted into DB
2025/06/29 22:25:59 Order 4a7d3067 inserted into DB
2025/06/29 22:25:59 Order 518c24f7 inserted into DB
2025/06/29 22:25:59 Order 302bc9e4 inserted into DB
2025/06/29 22:25:59 Order ecfa1e63 inserted into DB
2025/06/29 22:25:59 Order 3710611f inserted into DB
2025/06/29 22:25:59 Order 4f316a17 inserted into DB
2025/06/29 22:25:59 Order b8648784 inserted into DB
2025/06/29 22:25:59 Order f06c942e inserted into DB
2025/06/29 22:25:59 Order 2298c074 inserted into DB
2025/06/29 22:25:59 Order 80531e00 inserted into DB
2025/06/29 22:26:00 Order 26b89b0d inserted into DB
2025/06/29 22:26:00 Order e3552050 inserted into DB
2025/06/29 22:26:00 Order 8f6830c5 inserted into DB
2025/06/29 22:26:00 Order b3ac39b4 inserted into DB
2025/06/29 22:26:00 Order 52be61b0 inserted into DB
2025/06/29 22:26:00 Order a5beb505 inserted into DB
2025/06/29 22:26:00 Order 450a7598 inserted into DB
2025/06/29 22:26:00 Order e7d8f01b inserted into DB
2025/06/29 22:26:00 Order cc18d013 inserted into DB
2025/06/29 22:26:00 Order 6dde0dd1 inserted into DB
2025/06/29 22:26:00 Order 5e16f369 inserted into DB
2025/06/29 22:26:00 Order 22eda269 inserted into DB
2025/06/29 22:26:00 Order 90ed4f4d inserted into DB
2025/06/29 22:26:00 Order 21e57913 inserted into DB
2025/06/29 22:26:01 Order be02eab4 inserted into DB
2025/06/29 22:26:01 Order 8a61e5b0 inserted into DB
2025/06/29 22:26:01 Order 97c7be88 inserted into DB
2025/06/29 22:26:01 Order 48287337 inserted into DB
2025/06/29 22:26:01 Order 5ffc5482 inserted into DB
2025/06/29 22:26:01 Order c2c321d4 inserted into DB
2025/06/29 22:26:01 Order fe2f676a inserted into DB
2025/06/29 22:26:01 Order 0325b746 inserted into DB
2025/06/29 22:26:01 Order 4eac16c1 inserted into DB
2025/06/29 22:26:01 Order b0ad8c38 inserted into DB
2025/06/29 22:26:01 Order e91ba269 inserted into DB
2025/06/29 22:26:01 Order 430a3c73 inserted into DB
2025/06/29 22:26:01 Order 50a89e2c inserted into DB
2025/06/29 22:26:01 Order 017a85d6 inserted into DB
2025/06/29 22:26:01 Order b132080d inserted into DB
2025/06/29 22:26:01 Order 84e2376c inserted into DB
2025/06/29 22:26:01 Order 378f5cf2 inserted into DB
2025/06/29 22:26:01 Order 4b40feca inserted into DB
2025/06/29 22:26:01 Order 35383863 inserted into DB
2025/06/29 22:26:01 Order 3987f7ca inserted into DB
2025/06/29 22:26:01 Order c3999c81 inserted into DB
2025/06/29 22:26:01 Order 80b42664 inserted into DB
2025/06/29 22:26:01 Order 162e0e9b inserted into DB
2025/06/29 22:26:01 Order 77b70749 inserted into DB
2025/06/29 22:26:01 Order 50470136 inserted into DB
2025/06/29 22:26:01 Order e871d98a inserted into DB
2025/06/29 22:26:02 Order 9946302a inserted into DB
2025/06/29 22:26:02 Order 8e09c7b0 inserted into DB
2025/06/29 22:26:02 Order 026f9227 inserted into DB
2025/06/29 22:26:02 Order 2b87a3f4 inserted into DB
2025/06/29 22:26:02 Order 2a8a0e08 inserted into DB
2025/06/29 22:26:02 Order c1175b08 inserted into DB
2025/06/29 22:26:02 Order 2df9b870 inserted into DB
2025/06/29 22:26:02 Order bafc5071 inserted into DB
2025/06/29 22:26:02 Order d083d174 inserted into DB
2025/06/29 22:26:02 Order db375bdd inserted into DB
2025/06/29 22:26:02 Order fa21d643 inserted into DB
2025/06/29 22:26:02 Order 7ae0067c inserted into DB
2025/06/29 22:26:02 Order bae99560 inserted into DB
2025/06/29 22:26:02 Order 768433fe inserted into DB
2025/06/29 22:26:02 Order bcec5b0f inserted into DB
2025/06/29 22:26:02 Order 883f158c inserted into DB
2025/06/29 22:26:03 Order 528a10d0 inserted into DB
2025/06/29 22:26:03 Order 1efc3846 inserted into DB
2025/06/29 22:26:03 Order 911c1867 inserted into DB
2025/06/29 22:26:03 Order bfc8ddd2 inserted into DB
2025/06/29 22:26:03 Order 85a726af inserted into DB
2025/06/29 22:26:03 Order 50ca435d inserted into DB
2025/06/29 22:26:03 Order 2f82533f inserted into DB
2025/06/29 22:26:03 Order 8f214e79 inserted into DB
2025/06/29 22:26:03 Order a65bb111 inserted into DB
2025/06/29 22:26:03 Order c1947307 inserted into DB
2025/06/29 22:26:03 Order ab31cc91 inserted into DB
2025/06/29 22:26:03 Order d7db983f inserted into DB
2025/06/29 22:26:03 Order 8c384506 inserted into DB
2025/06/29 22:26:03 Order 16ef17ab inserted into DB
2025/06/29 22:26:03 Order 40666c76 inserted into DB
2025/06/29 22:26:03 Order b6dbc1d2 inserted into DB
2025/06/29 22:26:03 Order ad702822 inserted into DB
2025/06/29 22:26:03 Order 831ae224 inserted into DB
2025/06/29 22:26:03 Order faaa2e59 inserted into DB
2025/06/29 22:26:03 Order 516b921f inserted into DB
2025/06/29 22:26:03 Order 539c494b inserted into DB
2025/06/29 22:26:03 Order f0843926 inserted into DB
2025/06/29 22:26:04 Order 8a1afc97 inserted into DB
2025/06/29 22:26:04 Order ec15f881 inserted into DB
2025/06/29 22:26:04 Order 9aa6a1a2 inserted into DB
2025/06/29 22:26:04 Order bc012d1b inserted into DB
2025/06/29 22:26:04 Order 69f5af6b inserted into DB
2025/06/29 22:26:04 Order 0cb3213f inserted into DB
2025/06/29 22:26:04 Order 6eef23ea inserted into DB
2025/06/29 22:26:04 Order b3ea3c02 inserted into DB
2025/06/29 22:26:04 Order 77d49209 inserted into DB
2025/06/29 22:26:04 Order ef12bba7 inserted into DB
2025/06/29 22:26:04 Order 7b6ad5be inserted into DB
2025/06/29 22:26:04 Order 95904b57 inserted into DB
2025/06/29 22:26:04 Order 422a6223 inserted into DB
2025/06/29 22:26:04 Order c6423f95 inserted into DB
2025/06/29 22:26:04 Order 63e8fb8a inserted into DB
2025/06/29 22:26:04 Order bd9c07a2 inserted into DB
2025/06/29 22:26:04 Order 55f8427e inserted into DB
2025/06/29 22:26:04 Order eaa3e9e6 inserted into DB
2025/06/29 22:26:04 Order 11201546 inserted into DB
2025/06/29 22:26:04 Order 3acf0f00 inserted into DB
2025/06/29 22:26:05 Order b2344aa3 inserted into DB
2025/06/29 22:26:05 Order 58500335 inserted into DB
2025/06/29 22:26:05 Order 80f1fa76 inserted into DB
2025/06/29 22:26:05 Order 70a2dfd5 inserted into DB
2025/06/29 22:26:05 Order 0414b4ff inserted into DB
2025/06/29 22:26:05 Order 61a2e520 inserted into DB
2025/06/29 22:26:05 Order 12f823d8 inserted into DB
2025/06/29 22:26:05 Order a96ab91a inserted into DB
2025/06/29 22:26:05 Order 8cbdffd4 inserted into DB
2025/06/29 22:26:05 Order ac0df562 inserted into DB
2025/06/29 22:26:05 Order a16b567d inserted into DB
2025/06/29 22:26:05 Order 9ea13787 inserted into DB
2025/06/29 22:26:05 Order c9163461 inserted into DB
2025/06/29 22:26:05 Order 94646669 inserted into DB
2025/06/29 22:26:05 Order 81a8c6d3 inserted into DB
2025/06/29 22:26:05 Order 4801fa81 inserted into DB
2025/06/29 22:26:05 Order 8732def5 inserted into DB
2025/06/29 22:26:06 Order 5cb41490 inserted into DB
2025/06/29 22:26:06 Order 061958fc inserted into DB
2025/06/29 22:26:06 Order d2f28f03 inserted into DB
2025/06/29 22:26:06 Order f599ef46 inserted into DB
2025/06/29 22:26:06 Order d70297c8 inserted into DB
2025/06/29 22:26:06 Order c24138b4 inserted into DB
2025/06/29 22:26:06 Order 825a9e62 inserted into DB
2025/06/29 22:26:06 Order 646a4446 inserted into DB
2025/06/29 22:26:06 Order 089b6e0a inserted into DB
2025/06/29 22:26:06 Order e8330527 inserted into DB
2025/06/29 22:26:06 Order ea8dba92 inserted into DB
2025/06/29 22:26:06 Order 26bf009a inserted into DB
2025/06/29 22:26:06 Order cfbeb618 inserted into DB
2025/06/29 22:26:06 Order 9e890c7c inserted into DB
2025/06/29 22:26:06 Order 57c28516 inserted into DB
2025/06/29 22:26:06 Order 3f89d9b6 inserted into DB
2025/06/29 22:26:06 Order 55f3cda6 inserted into DB
2025/06/29 22:26:06 Order 9f8374d0 inserted into DB
2025/06/29 22:26:06 Order aa860a1d inserted into DB
2025/06/29 22:26:06 Order 374735ff inserted into DB
2025/06/29 22:26:06 Order 80cab5cc inserted into DB
2025/06/29 22:26:06 Order 987859af inserted into DB
2025/06/29 22:26:06 Order 5a7e7e3b inserted into DB
2025/06/29 22:26:06 Order 1fefe56d inserted into DB
2025/06/29 22:26:06 Order 268697ea inserted into DB
2025/06/29 22:26:07 Order 8062c239 inserted into DB
2025/06/29 22:26:07 Order f0979a58 inserted into DB
2025/06/29 22:26:07 Order 813e31a5 inserted into DB
2025/06/29 22:26:07 Order d4a7871c inserted into DB
2025/06/29 22:26:07 Order 781d2d56 inserted into DB
2025/06/29 22:26:07 Order 769aa753 inserted into DB
2025/06/29 22:26:07 Order 75023c54 inserted into DB
2025/06/29 22:26:07 Order b79174f8 inserted into DB
2025/06/29 22:26:07 Order f5d8a09e inserted into DB
2025/06/29 22:26:07 Order c9d5087f inserted into DB
2025/06/29 22:26:07 Order f6b74eb2 inserted into DB
2025/06/29 22:26:07 Order 0f132b41 inserted into DB
2025/06/29 22:26:07 Order d3033624 inserted into DB
2025/06/29 22:26:07 Order ce3781eb inserted into DB
2025/06/29 22:26:07 Order dab4aeee inserted into DB
2025/06/29 22:26:07 Order b276cd18 inserted into DB
2025/06/29 22:26:07 Order 168685b7 inserted into DB
2025/06/29 22:26:07 Order a57f8668 inserted into DB
2025/06/29 22:26:07 Order 14b5ca71 inserted into DB
2025/06/29 22:26:07 Order 04859ee1 inserted into DB
2025/06/29 22:26:07 Order 730fb0c6 inserted into DB
2025/06/29 22:26:07 Order 67ea57a7 inserted into DB
2025/06/29 22:26:07 Order 27425fc5 inserted into DB
2025/06/29 22:26:07 Order 5457b431 inserted into DB
2025/06/29 22:26:07 Order 3137ad44 inserted into DB
2025/06/29 22:26:07 Order 8ce69d76 inserted into DB
2025/06/29 22:26:07 Order 887d1321 inserted into DB
2025/06/29 22:26:07 Order d6897bf5 inserted into DB
2025/06/29 22:26:08 Order 32324645 inserted into DB
2025/06/29 22:26:08 Order 057d3dfc inserted into DB
2025/06/29 22:26:08 Order f08a4154 inserted into DB
2025/06/29 22:26:08 Order 349383cc inserted into DB
2025/06/29 22:26:08 Order 3cf847e6 inserted into DB
2025/06/29 22:26:08 Order 175f1906 inserted into DB
2025/06/29 22:26:08 Order 48317bfe inserted into DB
2025/06/29 22:26:08 Order 3c834936 inserted into DB
2025/06/29 22:26:08 Order 19617afc inserted into DB
2025/06/29 22:26:08 Order 9c32b19c inserted into DB
2025/06/29 22:26:08 Order e545f548 inserted into DB
2025/06/29 22:26:08 Order 23c01937 inserted into DB
2025/06/29 22:26:08 Order bcf239c8 inserted into DB
2025/06/29 22:26:08 Order 7a945c6a inserted into DB
2025/06/29 22:26:09 Order f13fc4d7 inserted into DB
2025/06/29 22:26:09 Order b61314fa inserted into DB
2025/06/29 22:26:09 Order d0529f92 inserted into DB
2025/06/29 22:26:09 Order 0d4383fd inserted into DB
2025/06/29 22:26:09 Order 1631989f inserted into DB
2025/06/29 22:26:09 Order d231b895 inserted into DB
2025/06/29 22:26:09 Order 7a185e5f inserted into DB
2025/06/29 22:26:09 Order da230b9f inserted into DB
2025/06/29 22:26:09 Order be98a7a2 inserted into DB
2025/06/29 22:26:09 Order 84ab5e75 inserted into DB
2025/06/29 22:26:09 Order ef8d5528 inserted into DB
2025/06/29 22:26:09 Order b0bcce9a inserted into DB
2025/06/29 22:26:09 Order 132f86ea inserted into DB
2025/06/29 22:26:09 Order 677b66ed inserted into DB
2025/06/29 22:26:09 Order 411a86a0 inserted into DB
2025/06/29 22:26:09 Order ed27c436 inserted into DB
2025/06/29 22:26:09 Order 14b80782 inserted into DB
2025/06/29 22:26:09 Order 6ea32523 inserted into DB
2025/06/29 22:26:09 Order 5b921a66 inserted into DB
2025/06/29 22:26:09 Order 6121688f inserted into DB
2025/06/29 22:26:09 Order 0fd3ee03 inserted into DB
2025/06/29 22:26:09 Order e2020228 inserted into DB
2025/06/29 22:26:09 Order 4581f2c4 inserted into DB
2025/06/29 22:26:09 Order c950b0b8 inserted into DB
2025/06/29 22:26:09 Order 22c12a3a inserted into DB
2025/06/29 22:26:09 Order a47fac72 inserted into DB
2025/06/29 22:26:09 Order 7506d1e7 inserted into DB
2025/06/29 22:26:09 Order 8712bfaf inserted into DB
2025/06/29 22:26:10 Order 9105cd97 inserted into DB
2025/06/29 22:26:10 Order 96941351 inserted into DB
2025/06/29 22:26:10 Order c672233d inserted into DB
2025/06/29 22:26:10 Order 94dd4b9b inserted into DB
2025/06/29 22:26:10 Order fcb589d9 inserted into DB
2025/06/29 22:26:10 Order 7ab57091 inserted into DB
2025/06/29 22:26:10 Order 50774350 inserted into DB
2025/06/29 22:26:10 Order 32470ae4 inserted into DB
2025/06/29 22:26:10 Order 004b9a80 inserted into DB
2025/06/29 22:26:10 Order c46924d5 inserted into DB
2025/06/29 22:26:10 Order c48f767f inserted into DB
2025/06/29 22:26:10 Order 7364fecf inserted into DB
2025/06/29 22:26:10 Order 891b53b1 inserted into DB
2025/06/29 22:26:10 Order 8e17c271 inserted into DB
2025/06/29 22:26:11 Order 1adb5fef inserted into DB
2025/06/29 22:26:11 Order c1e06737 inserted into DB
2025/06/29 22:26:11 Order f5bdbd3b inserted into DB
2025/06/29 22:26:11 Order 99745ba6 inserted into DB
2025/06/29 22:26:11 Order 1dfad5dc inserted into DB
2025/06/29 22:26:11 Order 3e8af466 inserted into DB
2025/06/29 22:26:11 Order 31817092 inserted into DB
2025/06/29 22:26:11 Order 58c1bc6c inserted into DB
2025/06/29 22:26:11 Order a0dbcccf inserted into DB
2025/06/29 22:26:11 Order 0ecf8748 inserted into DB
2025/06/29 22:26:11 Order b3e110a0 inserted into DB
2025/06/29 22:26:11 Order 92586b0c inserted into DB
2025/06/29 22:26:11 Order 7d7e9444 inserted into DB
2025/06/29 22:26:11 Order 55b0de0f inserted into DB
2025/06/29 22:26:11 Order 81ff35ae inserted into DB
2025/06/29 22:26:11 Order 6f19677b inserted into DB
2025/06/29 22:26:11 Order ccac3a94 inserted into DB
2025/06/29 22:26:11 Order f53e1780 inserted into DB
2025/06/29 22:26:11 Order 6bf48c02 inserted into DB
2025/06/29 22:26:11 Order 1ac7711e inserted into DB
2025/06/29 22:26:11 Order cd183fbb inserted into DB
2025/06/29 22:26:11 Order 33ff4676 inserted into DB
2025/06/29 22:26:11 Order bffe820a inserted into DB
2025/06/29 22:26:11 Order 6ce44d66 inserted into DB
2025/06/29 22:26:11 Order 112ce82f inserted into DB
2025/06/29 22:26:11 Order 21da8103 inserted into DB
2025/06/29 22:26:12 Order c0f157b4 inserted into DB
2025/06/29 22:26:12 Order 9c8eee5f inserted into DB
2025/06/29 22:26:12 Order 7dc52d17 inserted into DB
2025/06/29 22:26:12 Order 0fb83104 inserted into DB
2025/06/29 22:26:12 Order a1ef641c inserted into DB
2025/06/29 22:26:12 Order 679884e0 inserted into DB
2025/06/29 22:26:12 Order 43c2418a inserted into DB
2025/06/29 22:26:12 Order 4b0a7ecb inserted into DB
2025/06/29 22:26:12 Order dd995e1e inserted into DB
2025/06/29 22:26:12 Order 82d4a19e inserted into DB
2025/06/29 22:26:12 Order b5b0f3db inserted into DB
2025/06/29 22:26:12 Order 4f2c1b7b inserted into DB
2025/06/29 22:26:12 Order 15481938 inserted into DB
2025/06/29 22:26:12 Order cfeb31c9 inserted into DB
2025/06/29 22:26:12 Order 98c20502 inserted into DB
2025/06/29 22:26:12 Order 5587fdb7 inserted into DB
2025/06/29 22:26:13 Order 3e1048c0 inserted into DB
2025/06/29 22:26:13 Order cfe79c66 inserted into DB
2025/06/29 22:26:13 Order f88c3e88 inserted into DB
2025/06/29 22:26:13 Order 83331f51 inserted into DB
2025/06/29 22:26:13 Order 5d55fbc6 inserted into DB
2025/06/29 22:26:13 Order 730c4bca inserted into DB
2025/06/29 22:26:13 Order d3635f7b inserted into DB
2025/06/29 22:26:13 Order 0973b27d inserted into DB
2025/06/29 22:26:13 Order ee623df3 inserted into DB
2025/06/29 22:26:13 Order d56e3cf2 inserted into DB
2025/06/29 22:26:13 Order 49ba33a5 inserted into DB
2025/06/29 22:26:13 Order 25a5c6a7 inserted into DB
2025/06/29 22:26:13 Order 91c576c2 inserted into DB
2025/06/29 22:26:13 Order 6aa5a444 inserted into DB
2025/06/29 22:26:14 Order 88c00c36 inserted into DB
2025/06/29 22:26:14 Order 6bee528f inserted into DB
2025/06/29 22:26:14 Order 42394d26 inserted into DB
2025/06/29 22:26:14 Order f47c9dbc inserted into DB
2025/06/29 22:26:14 Order 7c3b4c8a inserted into DB
2025/06/29 22:26:14 Order 8037b5f8 inserted into DB
2025/06/29 22:26:14 Order 30ec6789 inserted into DB
2025/06/29 22:26:14 Order bb839a48 inserted into DB
2025/06/29 22:26:14 Order 3a38ced4 inserted into DB
2025/06/29 22:26:14 Order 58ede21a inserted into DB
2025/06/29 22:26:14 Order e40d422d inserted into DB
2025/06/29 22:26:14 Order 83db232e inserted into DB
2025/06/29 22:26:14 Order b5c27059 inserted into DB
2025/06/29 22:26:14 Order a6773d39 inserted into DB
2025/06/29 22:26:14 Order 3c5a6ba9 inserted into DB
2025/06/29 22:26:14 Order 8f1f1f6c inserted into DB
2025/06/29 22:26:14 Order a8961126 inserted into DB
2025/06/29 22:26:14 Order b89b5acc inserted into DB
2025/06/29 22:26:14 Order fab645f9 inserted into DB
2025/06/29 22:26:14 Order 50d0dfd5 inserted into DB
2025/06/29 22:26:14 Order 953b53df inserted into DB
2025/06/29 22:26:14 Order 9ad316f7 inserted into DB
2025/06/29 22:26:14 Order a3c6bbe1 inserted into DB
2025/06/29 22:26:14 Order 2896b53e inserted into DB
2025/06/29 22:26:14 Order 5cb18c34 inserted into DB
2025/06/29 22:26:14 Order 022385f8 inserted into DB
2025/06/29 22:26:14 Order 2a641272 inserted into DB
2025/06/29 22:26:14 Order 2b274014 inserted into DB
2025/06/29 22:26:15 Order 02ba5c62 inserted into DB
2025/06/29 22:26:15 Order 9b688763 inserted into DB
2025/06/29 22:26:15 Order 85ebfdc6 inserted into DB
2025/06/29 22:26:15 Order 316eb02c inserted into DB
2025/06/29 22:26:15 Order b59d8fd7 inserted into DB
2025/06/29 22:26:15 Order 46f87460 inserted into DB
2025/06/29 22:26:15 Order 2ad8f9a3 inserted into DB
2025/06/29 22:26:15 Order 4757e77e inserted into DB
2025/06/29 22:26:15 Order 044eed10 inserted into DB
2025/06/29 22:26:15 Order 69a30cc9 inserted into DB
2025/06/29 22:26:15 Order 0f62c610 inserted into DB
2025/06/29 22:26:15 Order 3f0e8ae6 inserted into DB
2025/06/29 22:26:15 Order 5cb39176 inserted into DB
2025/06/29 22:26:15 Order bd2796c8 inserted into DB
2025/06/29 22:26:15 Order 51a325c4 inserted into DB
2025/06/29 22:26:15 Order 18faa6ed inserted into DB
2025/06/29 22:26:15 Order 7125dc83 inserted into DB
2025/06/29 22:26:15 Order c59147fc inserted into DB
2025/06/29 22:26:15 Order 770f8cf6 inserted into DB
2025/06/29 22:26:15 Order d54e1182 inserted into DB
2025/06/29 22:26:15 Order eab9b07b inserted into DB
2025/06/29 22:26:15 Order aa9ff4e6 inserted into DB
2025/06/29 22:26:15 Order 2b41104c inserted into DB
2025/06/29 22:26:15 Order 5fe2bd66 inserted into DB
2025/06/29 22:26:16 Order ae2c3a19 inserted into DB
2025/06/29 22:26:16 Order 802fadc3 inserted into DB
2025/06/29 22:26:16 Order 041a6947 inserted into DB
2025/06/29 22:26:16 Order a7ffbaaa inserted into DB
2025/06/29 22:26:16 Order 3d51ec46 inserted into DB
2025/06/29 22:26:16 Order 8725629d inserted into DB
2025/06/29 22:26:16 Order 9726e804 inserted into DB
2025/06/29 22:26:16 Order e5c73435 inserted into DB
2025/06/29 22:26:16 Order 679d8b17 inserted into DB
2025/06/29 22:26:16 Order 2a05cda9 inserted into DB
2025/06/29 22:26:16 Order f1c185b9 inserted into DB
2025/06/29 22:26:16 Order cf7b5ec8 inserted into DB
2025/06/29 22:26:16 Order 3fe83e5b inserted into DB
2025/06/29 22:26:16 Order 903f4808 inserted into DB
2025/06/29 22:26:16 Order a4beb743 inserted into DB
2025/06/29 22:26:16 Order 4da5ad99 inserted into DB
2025/06/29 22:26:16 Order fade95ce inserted into DB
2025/06/29 22:26:16 Order 8a6f4dd8 inserted into DB
2025/06/29 22:26:17 Order 4dfa2151 inserted into DB
2025/06/29 22:26:17 Order 0e9dbda1 inserted into DB
2025/06/29 22:26:17 Order a6224b07 inserted into DB
2025/06/29 22:26:17 Order 4ad70c90 inserted into DB
2025/06/29 22:26:17 Order 6d7fb667 inserted into DB
2025/06/29 22:26:17 Order cdc9cc8d inserted into DB
2025/06/29 22:26:17 Order 7d2b9474 inserted into DB
2025/06/29 22:26:17 Order a93fe15c inserted into DB
2025/06/29 22:26:17 Order 2ac1eeb2 inserted into DB
2025/06/29 22:26:17 Order 2b095653 inserted into DB
2025/06/29 22:26:17 Order 5a7dae1a inserted into DB
2025/06/29 22:26:17 Order 16f5ddfa inserted into DB
2025/06/29 22:26:17 Order 4b2badc6 inserted into DB
2025/06/29 22:26:17 Order f8d152f7 inserted into DB
2025/06/29 22:26:17 Order 27c90795 inserted into DB
2025/06/29 22:26:17 Order 19414923 inserted into DB
2025/06/29 22:26:17 Order 65afa123 inserted into DB
2025/06/29 22:26:17 Order cef17c9e inserted into DB
2025/06/29 22:26:17 Order ab1c6abe inserted into DB
2025/06/29 22:26:17 Order 77a74a83 inserted into DB
2025/06/29 22:26:17 Order 14cb032d inserted into DB
2025/06/29 22:26:17 Order 51608ad3 inserted into DB
2025/06/29 22:26:17 Order 0cf031de inserted into DB
2025/06/29 22:26:17 Order 2163b119 inserted into DB
2025/06/29 22:26:17 Order 77a400cb inserted into DB
2025/06/29 22:26:17 Order bc6ad59a inserted into DB
2025/06/29 22:26:17 Order d20cbbbb inserted into DB
2025/06/29 22:26:17 Order 966bfc56 inserted into DB
2025/06/29 22:26:18 Order 1b7ca8fd inserted into DB
2025/06/29 22:26:18 Order 0042a241 inserted into DB
2025/06/29 22:26:18 Order 3fd8f8b0 inserted into DB
2025/06/29 22:26:18 Order d3071c8f inserted into DB
2025/06/29 22:26:18 Order 0065da21 inserted into DB
2025/06/29 22:26:18 Order ff76d711 inserted into DB
2025/06/29 22:26:18 Order 6e1ca10b inserted into DB
2025/06/29 22:26:18 Order 7c400627 inserted into DB
2025/06/29 22:26:18 Order cf5810f3 inserted into DB
2025/06/29 22:26:18 Order 0298207e inserted into DB
2025/06/29 22:26:18 Order 4264fa35 inserted into DB
2025/06/29 22:26:18 Order e62ee21c inserted into DB
2025/06/29 22:26:18 Order 479b9ccf inserted into DB
2025/06/29 22:26:18 Order a05752d5 inserted into DB
2025/06/29 22:26:19 Order 6a3651f4 inserted into DB
2025/06/29 22:26:19 Order 6fa57fa0 inserted into DB
2025/06/29 22:26:19 Order 88674e7c inserted into DB
2025/06/29 22:26:19 Order 1f70fdab inserted into DB
2025/06/29 22:26:19 Order 64ca7911 inserted into DB
2025/06/29 22:26:19 Order d8ae88df inserted into DB
2025/06/29 22:26:19 Order fb3a4c5f inserted into DB
2025/06/29 22:26:19 Order 25ab6061 inserted into DB
2025/06/29 22:26:19 Order 21094ef3 inserted into DB
2025/06/29 22:26:19 Order ae0a6184 inserted into DB
2025/06/29 22:26:19 Order bda89900 inserted into DB
2025/06/29 22:26:19 Order 91d2e87f inserted into DB
2025/06/29 22:26:19 Order 77b04603 inserted into DB
2025/06/29 22:26:19 Order 121c1446 inserted into DB
2025/06/29 22:26:19 Order 597cab4d inserted into DB
2025/06/29 22:26:19 Order 56d315e8 inserted into DB
2025/06/29 22:26:19 Order de944ac0 inserted into DB
2025/06/29 22:26:19 Order 5288ca9f inserted into DB
2025/06/29 22:26:19 Order a38530d9 inserted into DB
2025/06/29 22:26:19 Order 0654f150 inserted into DB
2025/06/29 22:26:19 Order 61610712 inserted into DB
2025/06/29 22:26:19 Order 5f800df2 inserted into DB
2025/06/29 22:26:19 Order e727149c inserted into DB
2025/06/29 22:26:19 Order a811eaae inserted into DB
2025/06/29 22:26:19 Order 6a61a6a3 inserted into DB
2025/06/29 22:26:19 Order dce26b6d inserted into DB
2025/06/29 22:26:19 Order f58b8a40 inserted into DB
2025/06/29 22:26:19 Order c401adfd inserted into DB
2025/06/29 22:26:20 Order 87286691 inserted into DB
2025/06/29 22:26:20 Order 9a25e968 inserted into DB
2025/06/29 22:26:20 Order d427518a inserted into DB
2025/06/29 22:26:20 Order 44feb1f4 inserted into DB
2025/06/29 22:26:20 Order cac73f41 inserted into DB
2025/06/29 22:26:20 Order 994f401f inserted into DB
2025/06/29 22:26:20 Order 9b0c261b inserted into DB
2025/06/29 22:26:20 Order 676fe9d9 inserted into DB
2025/06/29 22:26:20 Order 60c91ed2 inserted into DB
2025/06/29 22:26:20 Order b98ff72d inserted into DB
2025/06/29 22:26:20 Order 75d2d8b5 inserted into DB
2025/06/29 22:26:20 Order bb12a4e2 inserted into DB
2025/06/29 22:26:20 Order faa4fc71 inserted into DB
2025/06/29 22:26:20 Order bf7ed669 inserted into DB
2025/06/29 22:26:20 Order ebf06166 inserted into DB
2025/06/29 22:26:20 Order c466450a inserted into DB
2025/06/29 22:26:20 Order 9270197c inserted into DB
2025/06/29 22:26:20 Order da84b4d6 inserted into DB
2025/06/29 22:26:20 Order ab611207 inserted into DB
2025/06/29 22:26:20 Order 270cdd06 inserted into DB
2025/06/29 22:26:20 Order 6d606ea8 inserted into DB
2025/06/29 22:26:20 Order 80aabb7d inserted into DB
2025/06/29 22:26:20 Order 97cb64ff inserted into DB
2025/06/29 22:26:20 Order be11192c inserted into DB
2025/06/29 22:26:20 Order 74eace41 inserted into DB
2025/06/29 22:26:20 Order ed974c36 inserted into DB
2025/06/29 22:26:20 Order 793aaf96 inserted into DB
2025/06/29 22:26:20 Order dbd326f8 inserted into DB
2025/06/29 22:26:21 Order 9e465de4 inserted into DB
2025/06/29 22:26:21 Order baf97a41 inserted into DB
2025/06/29 22:26:21 Order e08fbc8e inserted into DB
2025/06/29 22:26:21 Order 9a4a2684 inserted into DB
2025/06/29 22:26:21 Order 8619ed00 inserted into DB
2025/06/29 22:26:21 Order e421b41e inserted into DB
2025/06/29 22:26:21 Order 6d5979cf inserted into DB
2025/06/29 22:26:21 Order c941c049 inserted into DB
2025/06/29 22:26:21 Order de360c5a inserted into DB
2025/06/29 22:26:21 Order a518cbe0 inserted into DB
2025/06/29 22:26:21 Order b57f284f inserted into DB
2025/06/29 22:26:21 Order 47d4a53c inserted into DB
2025/06/29 22:26:21 Order 69dffef7 inserted into DB
2025/06/29 22:26:21 Order afc21031 inserted into DB
2025/06/29 22:26:22 Order 574f6d4c inserted into DB
2025/06/29 22:26:22 Order fa46518c inserted into DB
2025/06/29 22:26:22 Order eb33c828 inserted into DB
2025/06/29 22:26:22 Order 302d0f7d inserted into DB
2025/06/29 22:26:22 Order ea5498e2 inserted into DB
2025/06/29 22:26:22 Order 9ed0e487 inserted into DB
2025/06/29 22:26:22 Order 46215e2c inserted into DB
2025/06/29 22:26:22 Order c3f7750f inserted into DB
2025/06/29 22:26:22 Order cc266426 inserted into DB
2025/06/29 22:26:22 Order 7cd50388 inserted into DB
2025/06/29 22:26:22 Order be4cb17c inserted into DB
2025/06/29 22:26:22 Order a420e002 inserted into DB
2025/06/29 22:26:22 Order db2fc2de inserted into DB
2025/06/29 22:26:22 Order 8c1a54b7 inserted into DB
2025/06/29 22:26:22 Order 598651a4 inserted into DB
2025/06/29 22:26:22 Order ca872925 inserted into DB
2025/06/29 22:26:22 Order efd6e789 inserted into DB
2025/06/29 22:26:22 Order c2504dfd inserted into DB
2025/06/29 22:26:22 Order f324a334 inserted into DB
2025/06/29 22:26:22 Order 49534a5b inserted into DB
2025/06/29 22:26:22 Order 01e4ff73 inserted into DB
2025/06/29 22:26:22 Order bbc8a8ad inserted into DB
2025/06/29 22:26:22 Order 6b5202fc inserted into DB
2025/06/29 22:26:22 Order da78104f inserted into DB
2025/06/29 22:26:22 Order b124079e inserted into DB
2025/06/29 22:26:22 Order 6370f425 inserted into DB
2025/06/29 22:26:22 Order 3d1f6964 inserted into DB
2025/06/29 22:26:22 Order d48b562c inserted into DB
2025/06/29 22:26:23 Order 48552d1b inserted into DB
2025/06/29 22:26:23 Order 789569a8 inserted into DB
2025/06/29 22:26:23 Order beece607 inserted into DB
2025/06/29 22:26:23 Order 16e8e59d inserted into DB
2025/06/29 22:26:23 Order 311c70cb inserted into DB
2025/06/29 22:26:23 Order 9d161aaa inserted into DB
2025/06/29 22:26:23 Order ae8255f2 inserted into DB
2025/06/29 22:26:23 Order 08fdef0b inserted into DB
2025/06/29 22:26:23 Order 053f9879 inserted into DB
2025/06/29 22:26:23 Order 56aed2c5 inserted into DB
2025/06/29 22:26:23 Order a2afe011 inserted into DB
2025/06/29 22:26:23 Order ef5e2d6a inserted into DB
2025/06/29 22:26:23 Order 4a22b374 inserted into DB
2025/06/29 22:26:23 Order 4e35172d inserted into DB
2025/06/29 22:26:23 Order 0a7839d3 inserted into DB
2025/06/29 22:26:23 Order 516e2162 inserted into DB
2025/06/29 22:26:23 Order 8424d3c9 inserted into DB
2025/06/29 22:26:23 Order d6048648 inserted into DB
2025/06/29 22:26:23 Order e8a18d4d inserted into DB
2025/06/29 22:26:23 Order 68bc98a9 inserted into DB
2025/06/29 22:26:23 Order c3481d9c inserted into DB
2025/06/29 22:26:23 Order 51d86385 inserted into DB
2025/06/29 22:26:23 Order 6b3b5513 inserted into DB
2025/06/29 22:26:23 Order a438446e inserted into DB
2025/06/29 22:26:23 Order 4ad93eed inserted into DB
2025/06/29 22:26:23 Order f0eec068 inserted into DB
2025/06/29 22:26:23 Order 246391e5 inserted into DB
2025/06/29 22:26:24 Order a699c4ef inserted into DB
2025/06/29 22:26:24 Order 7f107961 inserted into DB
2025/06/29 22:26:24 Order f1d4bda5 inserted into DB
2025/06/29 22:26:24 Order bbb46cde inserted into DB
2025/06/29 22:26:24 Order 45169c0a inserted into DB
2025/06/29 22:26:24 Order 960459eb inserted into DB
2025/06/29 22:26:24 Order 78bbc075 inserted into DB
2025/06/29 22:26:24 Order 62f22b5b inserted into DB
2025/06/29 22:26:24 Order 54de1616 inserted into DB
2025/06/29 22:26:24 Order 8a0f80b1 inserted into DB
2025/06/29 22:26:24 Order 318944f6 inserted into DB
2025/06/29 22:26:24 Order 23118a98 inserted into DB
2025/06/29 22:26:24 Order 2ee4f1b3 inserted into DB
2025/06/29 22:26:24 Order 114c31f8 inserted into DB
2025/06/29 22:26:24 Order 5d01468a inserted into DB
2025/06/29 22:26:25 Order 89f334b3 inserted into DB
2025/06/29 22:26:25 Order a581d889 inserted into DB
2025/06/29 22:26:25 Order 653d4f3d inserted into DB
2025/06/29 22:26:25 Order 6960f933 inserted into DB
2025/06/29 22:26:25 Order ae3e4fb8 inserted into DB
2025/06/29 22:26:25 Order 40619955 inserted into DB
2025/06/29 22:26:25 Order 08fa4a21 inserted into DB
2025/06/29 22:26:25 Order a83811bf inserted into DB
2025/06/29 22:26:25 Order baefa063 inserted into DB
2025/06/29 22:26:25 Order 72ba6a53 inserted into DB
2025/06/29 22:26:25 Order 30076f87 inserted into DB
2025/06/29 22:26:25 Order ab7003ac inserted into DB
2025/06/29 22:26:25 Order 4ba8643b inserted into DB
2025/06/29 22:26:25 Order dcd2831c inserted into DB
2025/06/29 22:26:25 Order c26a7ad8 inserted into DB
2025/06/29 22:26:25 Order 9ab8123b inserted into DB
2025/06/29 22:26:25 Order 7e4bb223 inserted into DB
2025/06/29 22:26:25 Order ab7db642 inserted into DB
2025/06/29 22:26:25 Order 6d6b9ccd inserted into DB
2025/06/29 22:26:25 Order 6c431f08 inserted into DB
2025/06/29 22:26:25 Order 0674eee8 inserted into DB
2025/06/29 22:26:25 Order 3a7374e8 inserted into DB
2025/06/29 22:26:25 Order f8da8440 inserted into DB
2025/06/29 22:26:25 Order 0ad66fa1 inserted into DB
2025/06/29 22:26:25 Order 1b96af45 inserted into DB
2025/06/29 22:26:25 Order 21724be3 inserted into DB
2025/06/29 22:26:25 Order 03b6d015 inserted into DB
2025/06/29 22:26:25 Order 5b314fea inserted into DB
2025/06/29 22:26:26 Order 594779a2 inserted into DB
2025/06/29 22:26:26 Order b529c188 inserted into DB
2025/06/29 22:26:26 Order 91877bb5 inserted into DB
2025/06/29 22:26:26 Order 3254dbdf inserted into DB
2025/06/29 22:26:26 Order df731cd9 inserted into DB
2025/06/29 22:26:26 Order b9307f68 inserted into DB
2025/06/29 22:26:26 Order dedfaa29 inserted into DB
2025/06/29 22:26:26 Order 401ebe6f inserted into DB
2025/06/29 22:26:26 Order a171d013 inserted into DB
2025/06/29 22:26:26 Order 2b30d515 inserted into DB
2025/06/29 22:26:26 Order fe73f07a inserted into DB
2025/06/29 22:26:26 Order faf3c502 inserted into DB
2025/06/29 22:26:26 Order 6d1539aa inserted into DB
2025/06/29 22:26:26 Order fad78e19 inserted into DB
2025/06/29 22:26:26 Order 7ee0fc90 inserted into DB
2025/06/29 22:26:26 Order 8ad9856b inserted into DB
2025/06/29 22:26:26 Order 544c2f2d inserted into DB
2025/06/29 22:26:26 Order c5d66f46 inserted into DB
2025/06/29 22:26:26 Order 67685361 inserted into DB
2025/06/29 22:26:26 Order 49b143fd inserted into DB
2025/06/29 22:26:26 Order 8a2a2ea2 inserted into DB
2025/06/29 22:26:27 Order 74c97b4a inserted into DB
2025/06/29 22:26:27 Order 70443d7a inserted into DB
2025/06/29 22:26:27 Order d7db324e inserted into DB
2025/06/29 22:26:27 Order 02eca49d inserted into DB
2025/06/29 22:26:27 Order 245ca028 inserted into DB
2025/06/29 22:26:27 Order ada6c490 inserted into DB
2025/06/29 22:26:27 Order 711a9079 inserted into DB
2025/06/29 22:26:27 Order 425bc49a inserted into DB
2025/06/29 22:26:27 Order cd6157bf inserted into DB
2025/06/29 22:26:27 Order cd7439bb inserted into DB
2025/06/29 22:26:27 Order be1c37e9 inserted into DB
2025/06/29 22:26:27 Order 54b525e7 inserted into DB
2025/06/29 22:26:27 Order 433db8d8 inserted into DB
2025/06/29 22:26:27 Order 27369132 inserted into DB
2025/06/29 22:26:27 Order 1e555165 inserted into DB
2025/06/29 22:26:27 Order a2b49550 inserted into DB
2025/06/29 22:26:27 Order 30bccc13 inserted into DB
2025/06/29 22:26:27 Order 0d9b3f5c inserted into DB
2025/06/29 22:26:27 Order 2004f7d6 inserted into DB
2025/06/29 22:26:27 Order 40552ead inserted into DB
2025/06/29 22:26:27 Order 855f30e3 inserted into DB
2025/06/29 22:26:28 Order fea09e9f inserted into DB
2025/06/29 22:26:28 Order 32e8cb7f inserted into DB
2025/06/29 22:26:28 Order 32bf4d89 inserted into DB
2025/06/29 22:26:28 Order 92c4b08a inserted into DB
2025/06/29 22:26:28 Order 94b3d669 inserted into DB
2025/06/29 22:26:28 Order 96433592 inserted into DB
2025/06/29 22:26:28 Order b47d31de inserted into DB
2025/06/29 22:26:28 Order ecead2c2 inserted into DB
2025/06/29 22:26:28 Order 7fa6b88c inserted into DB
2025/06/29 22:26:28 Order 3311368e inserted into DB
2025/06/29 22:26:28 Order 42e3c18e inserted into DB
2025/06/29 22:26:28 Order 5eb11ca8 inserted into DB
2025/06/29 22:26:28 Order fada7d80 inserted into DB
2025/06/29 22:26:28 Order cb9f99d6 inserted into DB
2025/06/29 22:26:28 Order 0c1259a0 inserted into DB
2025/06/29 22:26:28 Order b6c952b9 inserted into DB
2025/06/29 22:26:28 Order 0769257f inserted into DB
2025/06/29 22:26:28 Order f3a9e8ca inserted into DB
2025/06/29 22:26:28 Order 48614824 inserted into DB
2025/06/29 22:26:28 Order 2c875aaa inserted into DB
2025/06/29 22:26:28 Order fdd00f8e inserted into DB
2025/06/29 22:26:28 Order 2d71d015 inserted into DB
2025/06/29 22:26:28 Order 800123e9 inserted into DB
2025/06/29 22:26:28 Order a0cfac36 inserted into DB
2025/06/29 22:26:28 Order 30fd9577 inserted into DB
2025/06/29 22:26:28 Order efdfbb93 inserted into DB
2025/06/29 22:26:28 Order f6c4594e inserted into DB
2025/06/29 22:26:28 Order 92c7000b inserted into DB
2025/06/29 22:26:29 Order 58e8e060 inserted into DB
2025/06/29 22:26:29 Order 292fe808 inserted into DB
2025/06/29 22:26:29 Order 5df3e2f9 inserted into DB
2025/06/29 22:26:29 Order 0dcc0191 inserted into DB
2025/06/29 22:26:29 Order be72fd76 inserted into DB
2025/06/29 22:26:29 Order cb569f88 inserted into DB
2025/06/29 22:26:29 Order 8de2f597 inserted into DB
2025/06/29 22:26:29 Order 476d309a inserted into DB
2025/06/29 22:26:29 Order fee094d8 inserted into DB
2025/06/29 22:26:29 Order 1e629d67 inserted into DB
2025/06/29 22:26:29 Order df57c838 inserted into DB
2025/06/29 22:26:29 Order 73b7c5b1 inserted into DB
2025/06/29 22:26:29 Order ee2f36ef inserted into DB
2025/06/29 22:26:29 Order 307c955c inserted into DB
2025/06/29 22:26:29 Order d18c7519 inserted into DB
2025/06/29 22:26:29 Order 028e9f2b inserted into DB
2025/06/29 22:26:29 Order a416b671 inserted into DB
2025/06/29 22:26:29 Order d297775c inserted into DB
2025/06/29 22:26:29 Order 2ce7b5f4 inserted into DB
2025/06/29 22:26:29 Order 78f30a39 inserted into DB
2025/06/29 22:26:29 Order 38cd1005 inserted into DB
2025/06/29 22:26:30 Order 87eaf4f5 inserted into DB
2025/06/29 22:26:30 Order 5964bf4f inserted into DB
2025/06/29 22:26:30 Order ef8e3a9a inserted into DB
2025/06/29 22:26:30 Order 95372160 inserted into DB
2025/06/29 22:26:30 Order 4e69b3ed inserted into DB
2025/06/29 22:26:30 Order 28fcf306 inserted into DB
2025/06/29 22:26:30 Order ccb6a2e2 inserted into DB
2025/06/29 22:26:30 Order 67a1b927 inserted into DB
2025/06/29 22:26:30 Order 4b028e74 inserted into DB
2025/06/29 22:26:30 Order 48635993 inserted into DB
2025/06/29 22:26:30 Order f698155c inserted into DB
2025/06/29 22:26:30 Order ffe1a07d inserted into DB
2025/06/29 22:26:30 Order fc139257 inserted into DB
2025/06/29 22:26:30 Order dbe7f1b9 inserted into DB
2025/06/29 22:26:30 Order f39106e0 inserted into DB
2025/06/29 22:26:30 Order 264b2482 inserted into DB
2025/06/29 22:26:30 Order c25499e9 inserted into DB
2025/06/29 22:26:30 Order 52076a97 inserted into DB
2025/06/29 22:26:30 Order a5b28638 inserted into DB
2025/06/29 22:26:30 Order 02ac9c90 inserted into DB
2025/06/29 22:26:30 Order c799a94f inserted into DB
2025/06/29 22:26:30 Order 354364ec inserted into DB
2025/06/29 22:26:30 Order 3789b96c inserted into DB
2025/06/29 22:26:30 Order 8145adcd inserted into DB
2025/06/29 22:26:30 Order 8ca0b7e9 inserted into DB
2025/06/29 22:26:30 Order 88648775 inserted into DB
2025/06/29 22:26:30 Order a32df49d inserted into DB
2025/06/29 22:26:30 Order 510daf62 inserted into DB
2025/06/29 22:26:30 Order 2054d5a3 inserted into DB
2025/06/29 22:26:30 Order 62e1f2a0 inserted into DB
2025/06/29 22:26:30 Order e188f7de inserted into DB
2025/06/29 22:26:30 Order cabf3894 inserted into DB
2025/06/29 22:26:30 Order 1d14bff5 inserted into DB
2025/06/29 22:26:30 Order 76f541a2 inserted into DB
2025/06/29 22:26:30 Order 847cbae4 inserted into DB
2025/06/29 22:26:31 Order 97ecbd6f inserted into DB
2025/06/29 22:26:31 Order 923ecf3d inserted into DB
2025/06/29 22:26:31 Order 8c33b7f7 inserted into DB
2025/06/29 22:26:31 Order 6f47fbaa inserted into DB
2025/06/29 22:26:31 Order 24dad627 inserted into DB
2025/06/29 22:26:31 Order 9b71d24c inserted into DB
2025/06/29 22:26:31 Order de3cdb0e inserted into DB
2025/06/29 22:26:31 Order ce8b9df5 inserted into DB
2025/06/29 22:26:31 Order 2b1137dd inserted into DB
2025/06/29 22:26:31 Order 9401be13 inserted into DB
2025/06/29 22:26:31 Order c3cdc531 inserted into DB
2025/06/29 22:26:31 Order afe56c93 inserted into DB
2025/06/29 22:26:31 Order 51892ea1 inserted into DB
2025/06/29 22:26:31 Order 808c37eb inserted into DB
2025/06/29 22:26:31 Order 3babc964 inserted into DB
2025/06/29 22:26:31 Order 87f80379 inserted into DB
2025/06/29 22:26:31 Order a5e9dfd6 inserted into DB
2025/06/29 22:26:31 Order e8a99635 inserted into DB
2025/06/29 22:26:31 Order a89b2106 inserted into DB
2025/06/29 22:26:31 Order b4262ca6 inserted into DB
2025/06/29 22:26:31 Order 056a1b8e inserted into DB
2025/06/29 22:26:31 Order 4377b8a1 inserted into DB
2025/06/29 22:26:31 Order 6fb4d967 inserted into DB
2025/06/29 22:26:31 Order cec86daa inserted into DB
2025/06/29 22:26:31 Order 2cd3596f inserted into DB
2025/06/29 22:26:31 Order 872bf63c inserted into DB
2025/06/29 22:26:31 Order ceb0d397 inserted into DB
2025/06/29 22:26:31 Order eeafd3ca inserted into DB
2025/06/29 22:26:32 Order 3227450a inserted into DB
2025/06/29 22:26:32 Order 0780ffed inserted into DB
2025/06/29 22:26:32 Order 3e5899ac inserted into DB
2025/06/29 22:26:32 Order bb0c5b5a inserted into DB
2025/06/29 22:26:32 Order ffcddbf2 inserted into DB
2025/06/29 22:26:32 Order 4f833cd5 inserted into DB
2025/06/29 22:26:32 Order 92a49fa2 inserted into DB
2025/06/29 22:26:32 Order 798ebf24 inserted into DB
2025/06/29 22:26:32 Order e96e5a8a inserted into DB
2025/06/29 22:26:32 Order c8fe9a97 inserted into DB
2025/06/29 22:26:32 Order 75c77e7e inserted into DB
2025/06/29 22:26:32 Order e0868456 inserted into DB
2025/06/29 22:26:32 Order d6688484 inserted into DB
2025/06/29 22:26:32 Order bb334a53 inserted into DB
2025/06/29 22:26:32 Order 2e2642ad inserted into DB
2025/06/29 22:26:32 Order a19df755 inserted into DB
2025/06/29 22:26:32 Order 3f5bfd68 inserted into DB
2025/06/29 22:26:33 Order 5eca581c inserted into DB
2025/06/29 22:26:33 Order f4f6a893 inserted into DB
2025/06/29 22:26:33 Order 2bae828c inserted into DB
2025/06/29 22:26:33 Order 620d0920 inserted into DB
2025/06/29 22:26:33 Order 1742065d inserted into DB
2025/06/29 22:26:33 Order 46230711 inserted into DB
2025/06/29 22:26:33 Order 891582af inserted into DB
2025/06/29 22:26:33 Order 43c38ec5 inserted into DB
2025/06/29 22:26:33 Order c762351d inserted into DB
2025/06/29 22:26:33 Order 88e17b53 inserted into DB
2025/06/29 22:26:33 Order 432a5973 inserted into DB
2025/06/29 22:26:33 Order 34c9126b inserted into DB
2025/06/29 22:26:33 Order c131d63f inserted into DB
2025/06/29 22:26:33 Order 9952a967 inserted into DB
2025/06/29 22:26:33 Order 9f95c1fb inserted into DB
2025/06/29 22:26:33 Order 5f8c61a6 inserted into DB
2025/06/29 22:26:33 Order ed5d99c1 inserted into DB
2025/06/29 22:26:33 Order f4423e95 inserted into DB
2025/06/29 22:26:33 Order 78ad883b inserted into DB
2025/06/29 22:26:33 Order 43fba60b inserted into DB
2025/06/29 22:26:33 Order 12fb5b13 inserted into DB
2025/06/29 22:26:33 Order b588de85 inserted into DB
2025/06/29 22:26:33 Order 9f015209 inserted into DB
2025/06/29 22:26:33 Order 93dac162 inserted into DB
2025/06/29 22:26:33 Order d2c0dedd inserted into DB
2025/06/29 22:26:34 Order 8f7ef182 inserted into DB
2025/06/29 22:26:34 Order 738748df inserted into DB
2025/06/29 22:26:34 Order b4555945 inserted into DB
2025/06/29 22:26:34 Order 353d4108 inserted into DB
2025/06/29 22:26:34 Order 593ceecb inserted into DB
2025/06/29 22:26:34 Order 847dcdbf inserted into DB
2025/06/29 22:26:34 Order d61cbda3 inserted into DB
2025/06/29 22:26:34 Order 85ea49d0 inserted into DB
2025/06/29 22:26:34 Order 2843d79d inserted into DB
2025/06/29 22:26:34 Order 84203b6a inserted into DB
2025/06/29 22:26:34 Order 4df16071 inserted into DB
2025/06/29 22:26:34 Order 25118827 inserted into DB
2025/06/29 22:26:34 Order 9daa5657 inserted into DB
2025/06/29 22:26:34 Order b92bbc6a inserted into DB
2025/06/29 22:26:34 Order ea852978 inserted into DB
2025/06/29 22:26:34 Order 5680cba9 inserted into DB
2025/06/29 22:26:34 Order ebc1dff7 inserted into DB
2025/06/29 22:26:35 Order f5c88d3d inserted into DB
2025/06/29 22:26:35 Order a23bb9a9 inserted into DB
2025/06/29 22:26:35 Order b904b0e5 inserted into DB
2025/06/29 22:26:35 Order c3875932 inserted into DB
2025/06/29 22:26:35 Order 089be9cd inserted into DB
2025/06/29 22:26:35 Order 488b8665 inserted into DB
2025/06/29 22:26:35 Order 1564d7fe inserted into DB
2025/06/29 22:26:35 Order 2dd2d3e0 inserted into DB
2025/06/29 22:26:35 Order 9aefacc8 inserted into DB
2025/06/29 22:26:35 Order f351dbd1 inserted into DB
2025/06/29 22:26:35 Order 01bd0620 inserted into DB
2025/06/29 22:26:35 Order 8817ddc7 inserted into DB
2025/06/29 22:26:35 Order 6bc8266a inserted into DB
2025/06/29 22:26:35 Order 559bfd34 inserted into DB
2025/06/29 22:26:35 Order 4c97a557 inserted into DB
2025/06/29 22:26:35 Order 9126a606 inserted into DB
2025/06/29 22:26:35 Order 79db3a95 inserted into DB
2025/06/29 22:26:35 Order ead8a8f2 inserted into DB
2025/06/29 22:26:35 Order e811add5 inserted into DB
2025/06/29 22:26:35 Order 165b37de inserted into DB
2025/06/29 22:26:35 Order 6fd59ca1 inserted into DB
2025/06/29 22:26:35 Order a06c89c5 inserted into DB
2025/06/29 22:26:35 Order 9138321f inserted into DB
2025/06/29 22:26:35 Order 4c2fb177 inserted into DB
2025/06/29 22:26:35 Order f391c30a inserted into DB
2025/06/29 22:26:44 Order 428dbfb6 inserted into DB
2025/06/29 22:26:44 Order eebb7231 inserted into DB
2025/06/29 22:26:44 Order c7981aea inserted into DB
2025/06/29 22:26:44 Order 7658e6a7 inserted into DB
2025/06/29 22:26:44 Order cd7589e6 inserted into DB
2025/06/29 22:26:44 Order 3d4d707d inserted into DB
